<?xml version="1.0" encoding="UTF-8"?><testsuite  name="arakoon-client-unit-tests" tests="24" failures="1"><testcase id="set" classname="set test" name="set test" /><testcase id="set-max-key-size" classname="set max key size test" name="set max key size test" /><testcase id="set-max-key-size-exceeded" classname="set max key size exceeded test" name="set max key size exceeded test"><failure>Set max key size exceeded test failed because the key exists while it shouldn't!</failure></testcase><testcase id="range-entries-existing-keys" classname="range entries existing keys test" name="range entries existing keys test" /><testcase id="range-entries-non-existing-keys" classname="range entries non existing keys test" name="range entries non existing keys test" /><testcase id="sequence-valid" classname="sequence valid test" name="sequence valid test" /><testcase id="sequence-invalid" classname="sequence invalid test" name="sequence invalid test" /><testcase id="test-and-set-existing-key" classname="test and set existing key test" name="test and set existing key test" /><testcase id="test-and-set-non-existing-key" classname="test and set non existing key test" name="test and set non existing key test" /><testcase id="multi-get-existing-keys" classname="multi get existing keys test" name="multi get existing keys test" /><testcase id="multi-get-non-existing-keys" classname="multi get non existing keys test" name="multi get non existing keys test" /><testcase id="valid-prefix" classname="valid prefix test" name="valid prefix test" /><testcase id="invalid-prefix" classname="invalid prefix test" name="invalid prefix test" /><testcase id="expect-progress-possible" classname="expect progress possible test" name="expect progress possible test" /><testcase id="hello" classname="hello test" name="hello test" /><testcase id="who-master" classname="who master test" name="who master test" /></testsuite>